<?xml version="1.0" encoding="UTF-8"?>
<!-- Generated by org.testng.reporters.JUnitReportReporter -->
<testsuite hostname="DESKTOP-73DFAG9" failures="0" tests="1" name="loginModule.LoginPage" time="10.220" errors="0" timestamp="2024-04-03T13:37:23 IST" skipped="0">
  <testcase classname="loginModule.LoginPage" name="testLogin" time="10.220"/>
  <system-out/>
</testsuite> <!-- loginModule.LoginPage -->
